Using pre-set license
Built from '2020.3/release' branch; Version is '2020.3.12f1 (b3b2c6512326) revision 11776710'; Using compiler version '192528614'; Build Type 'Release'
OS: 'Windows 10 Home; OS build 19042.1526; Version 2009; 64bit' Language: 'en' Physical Memory: 16291 MB
BatchMode: 1, IsHumanControllingUs: 0, StartBugReporterOnCrash: 0, Is64bit: 1, IsPro: 0

 COMMAND LINE ARGUMENTS:
C:\Program Files\Unity\Hub\Editor\2020.3.12f1\Editor\Unity.exe
-adb2
-batchMode
-noUpm
-name
AssetImportWorker0
-projectPath
C:/Users/lasse/LocalDocuments/Sweepin_/Sweepin
-logFile
Logs/AssetImportWorker0.log
-srvPort
58477
Successfully changed project path to: C:/Users/lasse/LocalDocuments/Sweepin_/Sweepin
C:/Users/lasse/LocalDocuments/Sweepin_/Sweepin
Using Asset Import Pipeline V2.
Refreshing native plugins compatible for Editor in 68.07 ms, found 3 plugins.
Preloading 0 native plugins for Editor in 0.00 ms.
Initialize engine version: 2020.3.12f1 (b3b2c6512326)
[Subsystems] Discovering subsystems at path C:/Program Files/Unity/Hub/Editor/2020.3.12f1/Editor/Data/Resources/UnitySubsystems
[Subsystems] Discovering subsystems at path C:/Users/lasse/LocalDocuments/Sweepin_/Sweepin/Assets
GfxDevice: creating device client; threaded=0
Direct3D:
    Version:  Direct3D 11.0 [level 11.1]
    Renderer: NVIDIA GeForce RTX 2060 SUPER (ID=0x1f06)
    Vendor:   
    VRAM:     8031 MB
    Driver:   30.0.14.7280
Shader 'Universal Render Pipeline/Particles/Lit': fallback shader 'Universal Render Pipeline/Particles/SimpleLit' not found
Initialize mono
Mono path[0] = 'C:/Program Files/Unity/Hub/Editor/2020.3.12f1/Editor/Data/Managed'
Mono path[1] = 'C:/Program Files/Unity/Hub/Editor/2020.3.12f1/Editor/Data/MonoBleedingEdge/lib/mono/unityjit'
Mono config path = 'C:/Program Files/Unity/Hub/Editor/2020.3.12f1/Editor/Data/MonoBleedingEdge/etc'
Using monoOptions --debugger-agent=transport=dt_socket,embedding=1,server=y,suspend=n,address=127.0.0.1:56644
Begin MonoManager ReloadAssembly
Registering precompiled unity dll's ...
Register platform support module: C:/Program Files/Unity/Hub/Editor/2020.3.12f1/Editor/Data/PlaybackEngines/WindowsStandaloneSupport/UnityEditor.WindowsStandalone.Extensions.dll
Registered in 0.001919 seconds.
Native extension for WindowsStandalone target not found
Refreshing native plugins compatible for Editor in 64.10 ms, found 3 plugins.
Preloading 0 native plugins for Editor in 0.00 ms.
Mono: successfully reloaded assembly
- Completed reload, in  1.006 seconds
Platform modules already initialized, skipping
Registering precompiled user dll's ...
Registered in 0.004982 seconds.
Begin MonoManager ReloadAssembly
Native extension for WindowsStandalone target not found
Refreshing native plugins compatible for Editor in 63.62 ms, found 3 plugins.
Preloading 0 native plugins for Editor in 0.00 ms.
Mono: successfully reloaded assembly
- Completed reload, in  1.168 seconds
Platform modules already initialized, skipping
========================================================================
Worker process is ready to serve import requests
Shader 'Universal Render Pipeline/Particles/Lit': fallback shader 'Universal Render Pipeline/Particles/SimpleLit' not found
Launched and connected shader compiler UnityShaderCompiler.exe after 0.04 seconds
Refreshing native plugins compatible for Editor in 0.64 ms, found 3 plugins.
Preloading 0 native plugins for Editor in 0.00 ms.
Unloading 3598 Unused Serialized files (Serialized files now loaded: 0)
System memory in use before: 160.9 MB.
System memory in use after: 161.2 MB.

Unloading 29 unused Assets to reduce memory usage. Loaded Objects now: 4044.
Total: 2.508600 ms (FindLiveObjects: 0.330900 ms CreateObjectMapping: 0.174000 ms MarkObjects: 1.975500 ms  DeleteObjects: 0.027200 ms)

AssetImportParameters requested are different than current active one (requested -> active):
  custom:framework-win-MediaFoundation: 216162199b28c13a410421893ffa2e32 -> 
  custom:video-decoder-ogg-theora: a1e56fd34408186e4bbccfd4996cb3dc -> 
  custom:container-muxer-webm: aa71ff27fc2769a1b78a27578f13a17b -> 
  custom:container-demuxer-webm: 4f35f7cbe854078d1ac9338744f61a02 -> 
  custom:container-demuxer-ogg: 62fdf1f143b41e24485cea50d1cbac27 -> 
  custom:video-encoder-webm-vp8: eb34c28f22e8b96e1ab97ce403110664 -> 
  custom:video-decoder-webm-vp8: 9c59270c3fd7afecdb556c50c9e8de78 -> 
  custom:audio-decoder-ogg-vorbis: bf7c407c2cedff20999df2af8eb42d56 -> 
  custom:audio-encoder-webm-vorbis: bf7c407c2cedff20999df2af8eb42d56 -> 
========================================================================
Received Import Request.
  path: Assets/Sprites/Sweeping Animation Sprites/Sweeping animation tile-Sheet.png
  artifactKey: Guid(4e2bcd1de449b5741a3996ba16e8985e) Importer(815301076,1909f56bfc062723c751e8b465ee728b)
Start importing Assets/Sprites/Sweeping Animation Sprites/Sweeping animation tile-Sheet.png using Guid(4e2bcd1de449b5741a3996ba16e8985e) Importer(815301076,1909f56bfc062723c751e8b465ee728b)  -> (artifact id: 'b3e096518b8914a2e3b7f7a91bd4a24c') in 0.084623 seconds 
  Import took 0.089806 seconds .

========================================================================
Received Import Request.
  Time since last request: 0.000225 seconds.
  path: Assets/Sprites/Sweeping Animation Sprites
  artifactKey: Guid(1f9d23a6d3ded4a4e8099877b6a5d5b5) Importer(815301076,1909f56bfc062723c751e8b465ee728b)
Start importing Assets/Sprites/Sweeping Animation Sprites using Guid(1f9d23a6d3ded4a4e8099877b6a5d5b5) Importer(815301076,1909f56bfc062723c751e8b465ee728b)  -> (artifact id: '7a45c7fa07dcabc871b31b0aa6f10017') in 0.007233 seconds 
  Import took 0.012395 seconds .

========================================================================
Received Import Request.
  Time since last request: 7.205241 seconds.
  path: Assets/Sprites/Sweeping Animation Sprites/Sweeping animation tile-Sheet.png
  artifactKey: Guid(4e2bcd1de449b5741a3996ba16e8985e) Importer(815301076,1909f56bfc062723c751e8b465ee728b)
Start importing Assets/Sprites/Sweeping Animation Sprites/Sweeping animation tile-Sheet.png using Guid(4e2bcd1de449b5741a3996ba16e8985e) Importer(815301076,1909f56bfc062723c751e8b465ee728b)  -> (artifact id: '369b9bb84132813d9a4dd391333e3ad6') in 0.018487 seconds 
  Import took 0.024034 seconds .

========================================================================
Received Import Request.
  Time since last request: 9.982379 seconds.
  path: Assets/Sprites/Sweeping Animation Sprites/Sweeping animation tile-Sheet.png
  artifactKey: Guid(4e2bcd1de449b5741a3996ba16e8985e) Importer(815301076,1909f56bfc062723c751e8b465ee728b)
Start importing Assets/Sprites/Sweeping Animation Sprites/Sweeping animation tile-Sheet.png using Guid(4e2bcd1de449b5741a3996ba16e8985e) Importer(815301076,1909f56bfc062723c751e8b465ee728b)  -> (artifact id: '49555aefb6cf5ebadee735530c6fec79') in 0.024854 seconds 
  Import took 0.029981 seconds .

AssetImportWorkerClient::OnTransportError - code=2 error=End of file
